{
  "0 debug pnpm:scope": {
    "selected": 1
  },
  "1 error pnpm": {
    "errno": 1,
    "code": "ELIFECYCLE",
    "pkgid": "vite-vue3@0.0.0",
    "stage": "start",
    "script": "node server.js",
    "pkgname": "vite-vue3",
    "err": {
      "name": "pnpm",
      "message": "vite-vue3@0.0.0 start: `node server.js`\nExit status 1",
      "code": "ELIFECYCLE",
      "stack": "pnpm: vite-vue3@0.0.0 start: `node server.js`\nExit status 1\n    at EventEmitter.<anonymous> (/snapshot/dist/pnpm.cjs)\n    at EventEmitter.emit (events.js:376:20)\n    at ChildProcess.<anonymous> (/snapshot/dist/pnpm.cjs)\n    at ChildProcess.emit (events.js:376:20)\n    at maybeClose (internal/child_process.js:1055:16)\n    at Process.ChildProcess._handle.onexit (internal/child_process.js:288:5)"
    }
  },
  "2 warn pnpm:global": " Local package.json exists, but node_modules missing, did you mean to install?"
}